<?xml version="1.0" encoding="UTF-8"?>
<!-- Generated by org.testng.reporters.JUnitReportReporter -->
<testsuite skipped="0" hostname="A019LGDL" name="Test.TC1" tests="1" failures="0" timestamp="03 Aug 2018 16:08:41 GMT" time="3.225" errors="0">
  <testcase name="Test" time="3.225" classname="Test.TC1"/>
</testsuite> <!-- Test.TC1 -->
