<?xml version="1.0" encoding="UTF-8"?>
<!-- Generated by org.testng.reporters.JUnitReportReporter -->
<testsuite skipped="0" hostname="A019LGDL" name="Test.TC1" tests="1" failures="0" timestamp="05 Aug 2018 17:15:37 GMT" time="12.842" errors="0">
  <testcase name="Test" time="12.842" classname="Test.TC1"/>
</testsuite> <!-- Test.TC1 -->
